<?xml version="1.0" encoding="UTF-8"?>
<!-- Generated by org.testng.reporters.JUnitReportReporter -->
<testsuite hostname="ABS-30" failures="0" tests="1" name="Getivity.Testing" time="43.129" errors="0" timestamp="2023-10-09T17:38:54 IST" skipped="0">
  <testcase classname="Getivity.Testing" name="createclient" time="43.129"/>
  <system-out/>
</testsuite> <!-- Getivity.Testing -->
