<?xml version="1.0" encoding="UTF-8"?>
<!-- Generated by org.testng.reporters.JUnitReportReporter -->
<testsuite hostname="ABS-30" failures="0" tests="1" name="Getivity.Roles" time="44.401" errors="0" timestamp="2023-12-13T16:40:50 IST" skipped="0">
  <testcase classname="Getivity.Roles" name="delete_role" time="44.401"/>
  <system-out/>
</testsuite> <!-- Getivity.Roles -->
