<?xml version="1.0" encoding="UTF-8"?>
<!-- Generated by org.testng.reporters.JUnitReportReporter -->
<testsuite hostname="ABS-30" failures="0" tests="5" name="Getivity.Projecttypes" time="217.089" errors="0" timestamp="2023-12-15T12:13:04 IST" skipped="0">
  <testcase classname="Getivity.Projecttypes" name="edit_project_type" time="44.137"/>
  <system-out/>
  <testcase classname="Getivity.Projecttypes" name="create_project_type_again" time="39.424"/>
  <system-out/>
  <testcase classname="Getivity.Projecttypes" name="delete_multi_project_type" time="42.614"/>
  <system-out/>
  <testcase classname="Getivity.Projecttypes" name="delete_single_project_type" time="39.826"/>
  <system-out/>
  <testcase classname="Getivity.Projecttypes" name="create_project_type" time="51.088"/>
  <system-out/>
</testsuite> <!-- Getivity.Projecttypes -->
