<?xml version="1.0" encoding="UTF-8"?>
<!-- Generated by org.testng.reporters.JUnitReportReporter -->
<testsuite hostname="ABS-30" failures="0" tests="1" name="Getivity.Activities" time="45.894" errors="0" timestamp="2023-12-13T16:12:42 IST" skipped="0">
  <testcase classname="Getivity.Activities" name="restorearchived_tracked_activity" time="45.894"/>
  <system-out/>
</testsuite> <!-- Getivity.Activities -->
