<?xml version="1.0" encoding="UTF-8"?>
<!-- Generated by org.testng.reporters.JUnitReportReporter -->
<testsuite hostname="ABS-30" failures="0" tests="1" name="Getivity.Timesheet" time="64.321" errors="0" timestamp="2023-11-16T17:41:10 IST" skipped="0">
  <testcase classname="Getivity.Timesheet" name="add_entry_different_date" time="64.321"/>
  <system-out/>
</testsuite> <!-- Getivity.Timesheet -->
