<?xml version="1.0" encoding="UTF-8"?>
<!-- Generated by org.testng.reporters.JUnitReportReporter -->
<testsuite hostname="ABS-30" failures="0" tests="1" name="random" time="42.166" errors="0" timestamp="2023-10-27T12:04:57 IST" skipped="0">
  <testcase classname="random" name="createcontact" time="42.166"/>
  <system-out/>
</testsuite> <!-- random -->
